<?xml version="1.0" encoding="UTF-8" standalone="no"?><testsuite errors="1" failures="0" name="Vuelo - Seleccion vuelo" skipped="0" tests="1" time="46.95" timestamp="2024-02-16 12:49:23"><testcase name="Realizar busqueda de vuelos"><error message="Timed out after 2 seconds. Element not available&#10;Build info: version: '4.10.0', revision: 'c14d967899'&#10;System info: os.name: 'Windows 11', os.arch: 'amd64', os.version: '10.0', java.version: '17.0.10'&#10;Driver info: driver.version: unknown&#10;Build info: version: '4.10.0', revision: 'c14d967899'&#10;System info: os.name: 'Windows 11', os.arch: 'amd64', os.version: '10.0', java.version: '17.0.10'&#10;Driver info: driver.version: unknown" type="org.openqa.selenium.ElementNotInteractableException">Timed out after 2 seconds. Element not available
Build info: version: '4.10.0', revision: 'c14d967899'
System info: os.name: 'Windows 11', os.arch: 'amd64', os.version: '10.0', java.version: '17.0.10'
Driver info: driver.version: unknown
Build info: version: '4.10.0', revision: 'c14d967899'
System info: os.name: 'Windows 11', os.arch: 'amd64', os.version: '10.0', java.version: '17.0.10'
Driver info: driver.version: unknown</error><system-err>Timed out after 2 seconds. Element not available
Build info: version: '4.10.0', revision: 'c14d967899'
System info: os.name: 'Windows 11', os.arch: 'amd64', os.version: '10.0', java.version: '17.0.10'
Driver info: driver.version: unknown
Build info: version: '4.10.0', revision: 'c14d967899'
System info: os.name: 'Windows 11', os.arch: 'amd64', os.version: '10.0', java.version: '17.0.10'
Driver info: driver.version: unknown&#13;
com.prueba.co.steps.vuelo.VueloStep.enterVuelo(VueloStep.java:23)&#13;
com.prueba.co.definitions.vueloDefinitions.VueloDef.dataVuelo(VueloDef.java:35)&#13;
✽.ingresa los datos del vuelo(file:///C:/Users/laura/Documents/pruebaTecnica/src/test/resources/features/vuelo.feature:10)&#13;
</system-err></testcase></testsuite>